2017/04/10 11:08:44 INFO  - jmeter.util.JMeterUtils: Setting Locale to en_US 
2017/04/10 11:08:44 INFO  - jmeter.JMeter: Loading user properties from: /Developer/bin/apache-jmeter-2.13/bin/user.properties 
2017/04/10 11:08:44 INFO  - jmeter.JMeter: Loading system properties from: /Developer/bin/apache-jmeter-2.13/bin/system.properties 
2017/04/10 11:08:44 INFO  - jmeter.JMeter: Copyright (c) 1998-2015 The Apache Software Foundation 
2017/04/10 11:08:44 INFO  - jmeter.JMeter: Version 2.13 r1665067 
2017/04/10 11:08:44 INFO  - jmeter.JMeter: java.version=1.8.0 
2017/04/10 11:08:44 INFO  - jmeter.JMeter: java.vm.name=Java HotSpot(TM) 64-Bit Server VM 
2017/04/10 11:08:44 INFO  - jmeter.JMeter: os.name=Mac OS X 
2017/04/10 11:08:44 INFO  - jmeter.JMeter: os.arch=x86_64 
2017/04/10 11:08:44 INFO  - jmeter.JMeter: os.version=10.11.6 
2017/04/10 11:08:44 INFO  - jmeter.JMeter: file.encoding=UTF-8 
2017/04/10 11:08:44 INFO  - jmeter.JMeter: Default Locale=English (United States) 
2017/04/10 11:08:44 INFO  - jmeter.JMeter: JMeter  Locale=English (United States) 
2017/04/10 11:08:44 INFO  - jmeter.JMeter: JMeterHome=/Developer/bin/apache-jmeter-2.13 
2017/04/10 11:08:44 INFO  - jmeter.JMeter: user.dir  =/Volumes/DATA/personalgit/myspring 
2017/04/10 11:08:44 INFO  - jmeter.JMeter: PWD       =/Volumes/DATA/personalgit/myspring 
2017/04/10 11:08:44 INFO  - jmeter.JMeter: IP: 10.75.147.125 Name: Erwins-MacBook-Pro.local FullName: 10.75.147.125 
2017/04/10 11:08:44 INFO  - jmeter.gui.action.LookAndFeelCommand: Using look and feel: com.apple.laf.AquaLookAndFeel [Mac OS X, System] 
2017/04/10 11:08:44 INFO  - jmeter.JMeter: Loaded icon properties from org/apache/jmeter/images/icon.properties 
2017/04/10 11:08:45 INFO  - jmeter.engine.util.CompoundVariable: Note: Function class names must contain the string: '.functions.' 
2017/04/10 11:08:45 INFO  - jmeter.engine.util.CompoundVariable: Note: Function class names must not contain the string: '.gui.' 
2017/04/10 11:08:46 INFO  - jmeter.util.BSFTestElement: Registering JMeter version of JavaScript engine as work-round for BSF-22 
2017/04/10 11:08:46 INFO  - jmeter.protocol.http.sampler.HTTPSamplerBase: Cannot find .className property for htmlParser, using default 
2017/04/10 11:08:46 INFO  - jmeter.protocol.http.sampler.HTTPSamplerBase: Parser for text/html is  
2017/04/10 11:08:46 INFO  - jmeter.protocol.http.sampler.HTTPSamplerBase: Parser for application/xhtml+xml is  
2017/04/10 11:08:46 INFO  - jmeter.protocol.http.sampler.HTTPSamplerBase: Parser for application/xml is  
2017/04/10 11:08:46 INFO  - jmeter.protocol.http.sampler.HTTPSamplerBase: Parser for text/xml is  
2017/04/10 11:08:46 INFO  - jmeter.protocol.http.sampler.HTTPSamplerBase: Parser for text/vnd.wap.wml is org.apache.jmeter.protocol.http.parser.RegexpHTMLParser 
2017/04/10 11:08:46 INFO  - jmeter.gui.util.MenuFactory: Skipping org.apache.jmeter.protocol.http.control.gui.WebServiceSamplerGui 
2017/04/10 11:08:46 INFO  - jmeter.gui.util.MenuFactory: Skipping org.apache.jmeter.protocol.http.modifier.gui.ParamModifierGui 
2017/04/10 11:08:46 INFO  - jorphan.exec.KeyToolUtils: keytool found at 'keytool' 
2017/04/10 11:08:46 INFO  - jmeter.protocol.http.proxy.ProxyControl: HTTP(S) Test Script Recorder SSL Proxy will use keys that support embedded 3rd party resources in file /Developer/bin/apache-jmeter-2.13/bin/proxyserver.jks 
2017/04/10 11:08:47 INFO  - jmeter.samplers.SampleResult: Note: Sample TimeStamps are START times 
2017/04/10 11:08:47 INFO  - jmeter.samplers.SampleResult: sampleresult.default.encoding is set to ISO-8859-1 
2017/04/10 11:08:47 INFO  - jmeter.samplers.SampleResult: sampleresult.useNanoTime=true 
2017/04/10 11:08:47 INFO  - jmeter.samplers.SampleResult: sampleresult.nanoThreadSleep=5000 
2017/04/10 11:09:25 INFO  - jmeter.services.FileServer: Default base='/Volumes/DATA/personalgit/myspring' 
2017/04/10 11:09:25 INFO  - jmeter.gui.action.Load: Loading file: /Volumes/DATA/PerformanceTesting/MLCS/MLCS.jmx 
2017/04/10 11:09:25 INFO  - jmeter.services.FileServer: Set new base='/Volumes/DATA/PerformanceTesting/MLCS' 
2017/04/10 11:09:25 INFO  - jmeter.save.SaveService: Testplan (JMX) version: 2.2. Testlog (JTL) version: 2.2 
2017/04/10 11:09:25 INFO  - jmeter.save.SaveService: Using SaveService properties file encoding UTF-8 
2017/04/10 11:09:25 INFO  - jmeter.save.SaveService: Using SaveService properties file version 1656252 
2017/04/10 11:09:25 INFO  - jmeter.save.SaveService: Using SaveService properties version 2.8 
2017/04/10 11:09:25 INFO  - jmeter.save.SaveService: All converter versions present and correct 
2017/04/10 11:09:25 INFO  - jmeter.save.SaveService: Loading file: /Volumes/DATA/PerformanceTesting/MLCS/MLCS.jmx 
2017/04/10 11:09:25 INFO  - jmeter.protocol.http.control.CookieManager: Settings: Delete null: true Check: true Allow variable: true Save: true Prefix: COOKIE_ 
2017/04/10 11:09:25 INFO  - jmeter.protocol.http.control.CacheManager: Will only cache the following methods: [GET] 
2017/04/10 11:09:25 INFO  - jmeter.services.FileServer: Set new base='/Volumes/DATA/PerformanceTesting/MLCS' 
